[    0.000000] Linux version 4.15.0-118-generic (buildd@lgw01-amd64-039) (gcc version 7.5.0 (Ubuntu 7.5.0-3ubuntu1~18.04)) #119-Ubuntu SMP Tue Sep 8 12:30:01 UTC 2020 (Ubuntu 4.15.0-118.119-generic 4.15.18)
[    0.000000] Command line: BOOT_IMAGE=/boot/vmlinuz-4.15.0-118-generic root=LABEL=cloudimg-rootfs ro console=tty1 console=ttyS0
[    0.000000] KERNEL supported cpus:
[    0.000000]   Intel GenuineIntel
[    0.000000]   AMD AuthenticAMD
[    0.000000]   Centaur CentaurHauls
[    0.000000] x86/fpu: Supporting XSAVE feature 0x001: 'x87 floating point registers'
[    0.000000] x86/fpu: Supporting XSAVE feature 0x002: 'SSE registers'
[    0.000000] x86/fpu: Supporting XSAVE feature 0x004: 'AVX registers'
[    0.000000] x86/fpu: xstate_offset[2]:  576, xstate_sizes[2]:  256
[    0.000000] x86/fpu: Enabled xstate features 0x7, context size is 832 bytes, using 'standard' format.
[    0.000000] e820: BIOS-provided physical RAM map:
[    0.000000] BIOS-e820: [mem 0x0000000000000000-0x000000000009fbff] usable
[    0.000000] BIOS-e820: [mem 0x000000000009fc00-0x000000000009ffff] reserved
[    0.000000] BIOS-e820: [mem 0x00000000000f0000-0x00000000000fffff] reserved
[    0.000000] BIOS-e820: [mem 0x0000000000100000-0x000000007ffeffff] usable
[    0.000000] BIOS-e820: [mem 0x000000007fff0000-0x000000007fffffff] ACPI data
[    0.000000] BIOS-e820: [mem 0x00000000fec00000-0x00000000fec00fff] reserved
[    0.000000] BIOS-e820: [mem 0x00000000fee00000-0x00000000fee00fff] reserved
[    0.000000] BIOS-e820: [mem 0x00000000fffc0000-0x00000000ffffffff] reserved
[    0.000000] NX (Execute Disable) protection: active
[    0.000000] SMBIOS 2.5 present.
[    0.000000] DMI: innotek GmbH VirtualBox/VirtualBox, BIOS VirtualBox 12/01/2006
[    0.000000] Hypervisor detected: KVM
[    0.000000] e820: last_pfn = 0x7fff0 max_arch_pfn = 0x400000000
[    0.000000] MTRR: Disabled
[    0.000000] x86/PAT: MTRRs disabled, skipping PAT initialization too.
[    0.000000] CPU MTRRs all blank - virtualized system.
[    0.000000] x86/PAT: Configuration [0-7]: WB  WT  UC- UC  WB  WT  UC- UC  
[    0.000000] found SMP MP-table at [mem 0x0009fff0-0x0009ffff]
[    0.000000] Scanning 1 areas for low memory corruption
[    0.000000] RAMDISK: [mem 0x35a67000-0x36d2afff]
[    0.000000] ACPI: Early table checksum verification disabled
[    0.000000] ACPI: RSDP 0x00000000000E0000 000024 (v02 VBOX  )
[    0.000000] ACPI: XSDT 0x000000007FFF0030 00003C (v01 VBOX   VBOXXSDT 00000001 ASL  00000061)
[    0.000000] ACPI: FACP 0x000000007FFF00F0 0000F4 (v04 VBOX   VBOXFACP 00000001 ASL  00000061)
[    0.000000] ACPI: DSDT 0x000000007FFF0470 002325 (v02 VBOX   VBOXBIOS 00000002 INTL 20120111)
[    0.000000] ACPI: FACS 0x000000007FFF0200 000040
[    0.000000] ACPI: FACS 0x000000007FFF0200 000040
[    0.000000] ACPI: APIC 0x000000007FFF0240 00005C (v02 VBOX   VBOXAPIC 00000001 ASL  00000061)
[    0.000000] ACPI: SSDT 0x000000007FFF02A0 0001CC (v01 VBOX   VBOXCPUT 00000002 INTL 20120111)
[    0.000000] No NUMA configuration found
[    0.000000] Faking a node at [mem 0x0000000000000000-0x000000007ffeffff]
[    0.000000] NODE_DATA(0) allocated [mem 0x7ffc5000-0x7ffeffff]
[    0.000000] kvm-clock: cpu 0, msr 0:7ff44001, primary cpu clock
[    0.000000] kvm-clock: Using msrs 4b564d01 and 4b564d00
[    0.000000] kvm-clock: using sched offset of 3353611927 cycles
[    0.000000] clocksource: kvm-clock: mask: 0xffffffffffffffff max_cycles: 0x1cd42e4dffb, max_idle_ns: 881590591483 ns
[    0.000000] Zone ranges:
[    0.000000]   DMA      [mem 0x0000000000001000-0x0000000000ffffff]
[    0.000000]   DMA32    [mem 0x0000000001000000-0x000000007ffeffff]
[    0.000000]   Normal   empty
[    0.000000]   Device   empty
[    0.000000] Movable zone start for each node
[    0.000000] Early memory node ranges
[    0.000000]   node   0: [mem 0x0000000000001000-0x000000000009efff]
[    0.000000]   node   0: [mem 0x0000000000100000-0x000000007ffeffff]
[    0.000000] Reserved but unavailable: 98 pages
[    0.000000] Initmem setup node 0 [mem 0x0000000000001000-0x000000007ffeffff]
[    0.000000] ACPI: PM-Timer IO Port: 0x4008
[    0.000000] IOAPIC[0]: apic_id 2, version 32, address 0xfec00000, GSI 0-23
[    0.000000] ACPI: INT_SRC_OVR (bus 0 bus_irq 0 global_irq 2 dfl dfl)
[    0.000000] ACPI: INT_SRC_OVR (bus 0 bus_irq 9 global_irq 9 low level)
[    0.000000] Using ACPI (MADT) for SMP configuration information
[    0.000000] smpboot: Allowing 2 CPUs, 0 hotplug CPUs
[    0.000000] PM: Registered nosave memory: [mem 0x00000000-0x00000fff]
[    0.000000] PM: Registered nosave memory: [mem 0x0009f000-0x0009ffff]
[    0.000000] PM: Registered nosave memory: [mem 0x000a0000-0x000effff]
[    0.000000] PM: Registered nosave memory: [mem 0x000f0000-0x000fffff]
[    0.000000] e820: [mem 0x80000000-0xfebfffff] available for PCI devices
[    0.000000] Booting paravirtualized kernel on KVM
[    0.000000] clocksource: refined-jiffies: mask: 0xffffffff max_cycles: 0xffffffff, max_idle_ns: 7645519600211568 ns
[    0.000000] random: get_random_bytes called from start_kernel+0x99/0x500 with crng_init=0
[    0.000000] setup_percpu: NR_CPUS:8192 nr_cpumask_bits:2 nr_cpu_ids:2 nr_node_ids:1
[    0.000000] percpu: Embedded 45 pages/cpu s147456 r8192 d28672 u1048576
[    0.000000] PV qspinlock hash table entries: 256 (order: 0, 4096 bytes)
[    0.000000] Built 1 zonelists, mobility grouping on.  Total pages: 515961
[    0.000000] Policy zone: DMA32
[    0.000000] Kernel command line: BOOT_IMAGE=/boot/vmlinuz-4.15.0-118-generic root=LABEL=cloudimg-rootfs ro console=tty1 console=ttyS0
[    0.000000] Memory: 2015224K/2096696K available (12300K kernel code, 2482K rwdata, 4272K rodata, 2436K init, 2724K bss, 81472K reserved, 0K cma-reserved)
[    0.000000] SLUB: HWalign=64, Order=0-3, MinObjects=0, CPUs=2, Nodes=1
[    0.000000] Kernel/User page tables isolation: enabled
[    0.000000] ftrace: allocating 39396 entries in 154 pages
[    0.004000] Hierarchical RCU implementation.
[    0.004000] 	RCU restricting CPUs from NR_CPUS=8192 to nr_cpu_ids=2.
[    0.004000] 	Tasks RCU enabled.
[    0.004000] RCU: Adjusting geometry for rcu_fanout_leaf=16, nr_cpu_ids=2
[    0.004000] NR_IRQS: 524544, nr_irqs: 440, preallocated irqs: 16
[    0.004000] Console: colour VGA+ 80x25
[    0.004000] console [tty1] enabled
[    0.004000] console [ttyS0] enabled
[    0.004000] ACPI: Core revision 20170831
[    0.004000] ACPI: 2 ACPI AML tables successfully acquired and loaded
[    0.004000] APIC: Switch to symmetric I/O mode setup
[    0.004000] x2apic enabled
[    0.004000] Switched APIC routing to physical x2apic.
[    0.004000] ..TIMER: vector=0x30 apic1=0 pin1=2 apic2=-1 pin2=-1
[    0.004003] tsc: Detected 2400.000 MHz processor
[    0.004985] Calibrating delay loop (skipped) preset value.. 4800.00 BogoMIPS (lpj=9600000)
[    0.005394] pid_max: default: 32768 minimum: 301
[    0.006262] Security Framework initialized
[    0.006953] Yama: becoming mindful.
[    0.008014] AppArmor: AppArmor initialized
[    0.009612] Dentry cache hash table entries: 262144 (order: 9, 2097152 bytes)
[    0.011502] Inode-cache hash table entries: 131072 (order: 8, 1048576 bytes)
[    0.012008] Mount-cache hash table entries: 4096 (order: 3, 32768 bytes)
[    0.013083] Mountpoint-cache hash table entries: 4096 (order: 3, 32768 bytes)
[    0.014691] Last level iTLB entries: 4KB 64, 2MB 8, 4MB 8
[    0.016001] Last level dTLB entries: 4KB 64, 2MB 0, 4MB 0, 1GB 4
[    0.016989] Spectre V1 : Mitigation: usercopy/swapgs barriers and __user pointer sanitization
[    0.018375] Spectre V2 : Mitigation: Full generic retpoline
[    0.020001] Spectre V2 : Spectre v2 / SpectreRSB mitigation: Filling RSB on context switch
[    0.021402] Speculative Store Bypass: Vulnerable
[    0.022176] SRBDS: Unknown: Dependent on hypervisor status
[    0.023447] MDS: Mitigation: Clear CPU buffers
[    0.024116] Freeing SMP alternatives memory: 36K
[    0.134561] smpboot: CPU0: Intel(R) Core(TM) i9-9980HK CPU @ 2.40GHz (family: 0x6, model: 0x9e, stepping: 0xd)
[    0.136000] Performance Events: unsupported p6 CPU model 158 no PMU driver, software events only.
[    0.136000] Hierarchical SRCU implementation.
[    0.136392] NMI watchdog: Perf event create on CPU 0 failed with -2
[    0.137420] NMI watchdog: Perf NMI watchdog permanently disabled
[    0.138375] smp: Bringing up secondary CPUs ...
[    0.139141] x86: Booting SMP configuration:
[    0.140001] .... node  #0, CPUs:      #1
[    0.004000] kvm-clock: cpu 1, msr 0:7ff44041, secondary cpu clock
[    0.144012] smp: Brought up 1 node, 2 CPUs
[    0.144845] smpboot: Max logical packages: 1
[    0.145525] smpboot: Total of 2 processors activated (9600.00 BogoMIPS)
[    0.146621] devtmpfs: initialized
[    0.148034] x86/mm: Memory block size: 128MB
[    0.149211] evm: security.selinux
[    0.150249] evm: security.SMACK64
[    0.151093] evm: security.SMACK64EXEC
[    0.152001] evm: security.SMACK64TRANSMUTE
[    0.152676] evm: security.SMACK64MMAP
[    0.153528] evm: security.apparmor
[    0.154080] evm: security.ima
[    0.154568] evm: security.capability
[    0.155162] clocksource: jiffies: mask: 0xffffffff max_cycles: 0xffffffff, max_idle_ns: 7645041785100000 ns
[    0.156005] futex hash table entries: 512 (order: 3, 32768 bytes)
[    0.157025] pinctrl core: initialized pinctrl subsystem
[    0.157910] RTC time: 13:21:18, date: 02/08/21
[    0.160152] NET: Registered protocol family 16
[    0.160964] audit: initializing netlink subsys (disabled)
[    0.161829] audit: type=2000 audit(1612790483.822:1): state=initialized audit_enabled=0 res=1
[    0.161829] cpuidle: using governor ladder
[    0.164004] cpuidle: using governor menu
[    0.164677] ACPI: bus type PCI registered
[    0.165324] acpiphp: ACPI Hot Plug PCI Controller Driver version: 0.5
[    0.166460] PCI: Using configuration type 1 for base access
[    0.168661] HugeTLB registered 2.00 MiB page size, pre-allocated 0 pages
[    0.169077] ACPI: Added _OSI(Module Device)
[    0.169077] ACPI: Added _OSI(Processor Device)
[    0.172005] ACPI: Added _OSI(3.0 _SCP Extensions)
[    0.173057] ACPI: Added _OSI(Processor Aggregator Device)
[    0.173938] ACPI: Added _OSI(Linux-Dell-Video)
[    0.174720] ACPI: Added _OSI(Linux-Lenovo-NV-HDMI-Audio)
[    0.175546] ACPI: Added _OSI(Linux-HPI-Hybrid-Graphics)
[    0.176300] ACPI: Executed 1 blocks of module-level executable AML code
[    0.180159] ACPI: Interpreter enabled
[    0.180869] ACPI: (supports S0 S5)
[    0.181443] ACPI: Using IOAPIC for interrupt routing
[    0.182360] PCI: Using host bridge windows from ACPI; if necessary, use "pci=nocrs" and report a bug
[    0.183914] ACPI: Enabled 2 GPEs in block 00 to 07
[    0.190422] ACPI: PCI Root Bridge [PCI0] (domain 0000 [bus 00-ff])
[    0.191742] acpi PNP0A03:00: _OSC: OS supports [ASPM ClockPM Segments MSI]
[    0.192305] acpi PNP0A03:00: _OSC: not requesting OS control; OS requires [ExtendedConfig ASPM ClockPM MSI]
[    0.194079] acpi PNP0A03:00: fail to add MMCONFIG information, can't access extended PCI configuration space under this bridge.
[    0.196383] PCI host bridge to bus 0000:00
[    0.197044] pci_bus 0000:00: root bus resource [io  0x0000-0x0cf7 window]
[    0.198117] pci_bus 0000:00: root bus resource [io  0x0d00-0xffff window]
[    0.200002] pci_bus 0000:00: root bus resource [mem 0x000a0000-0x000bffff window]
[    0.201580] pci_bus 0000:00: root bus resource [mem 0x80000000-0xfdffffff window]
[    0.202903] pci_bus 0000:00: root bus resource [bus 00-ff]
[    0.206112] pci 0000:00:01.1: legacy IDE quirk: reg 0x10: [io  0x01f0-0x01f7]
[    0.207229] pci 0000:00:01.1: legacy IDE quirk: reg 0x14: [io  0x03f6]
[    0.208002] pci 0000:00:01.1: legacy IDE quirk: reg 0x18: [io  0x0170-0x0177]
[    0.210150] pci 0000:00:01.1: legacy IDE quirk: reg 0x1c: [io  0x0376]
[    0.224962] pci 0000:00:07.0: quirk: [io  0x4000-0x403f] claimed by PIIX4 ACPI
[    0.226118] pci 0000:00:07.0: quirk: [io  0x4100-0x410f] claimed by PIIX4 SMB
[    0.234884] ACPI: PCI Interrupt Link [LNKA] (IRQs 5 9 10 *11)
[    0.236266] ACPI: PCI Interrupt Link [LNKB] (IRQs 5 9 *10 11)
[    0.237638] ACPI: PCI Interrupt Link [LNKC] (IRQs 5 *9 10 11)
[    0.238740] ACPI: PCI Interrupt Link [LNKD] (IRQs 5 9 10 *11)
[    0.240194] SCSI subsystem initialized
[    0.240846] pci 0000:00:02.0: vgaarb: setting as boot VGA device
[    0.240952] pci 0000:00:02.0: vgaarb: VGA device added: decodes=io+mem,owns=io+mem,locks=none
[    0.242282] pci 0000:00:02.0: vgaarb: bridge control possible
[    0.244005] vgaarb: loaded
[    0.244499] ACPI: bus type USB registered
[    0.245154] usbcore: registered new interface driver usbfs
[    0.246017] usbcore: registered new interface driver hub
[    0.246860] usbcore: registered new device driver usb
[    0.248033] EDAC MC: Ver: 3.0.0
[    0.249231] PCI: Using ACPI for IRQ routing
[    0.249231] NetLabel: Initializing
[    0.249560] NetLabel:  domain hash size = 128
[    0.252005] NetLabel:  protocols = UNLABELED CIPSOv4 CALIPSO
[    0.253123] NetLabel:  unlabeled traffic allowed by default
[    0.254005] clocksource: Switched to clocksource kvm-clock
[    0.261398] VFS: Disk quotas dquot_6.6.0
[    0.262436] VFS: Dquot-cache hash table entries: 512 (order 0, 4096 bytes)
[    0.263553] AppArmor: AppArmor Filesystem Enabled
[    0.264709] pnp: PnP ACPI init
[    0.266818] pnp: PnP ACPI: found 3 devices
[    0.275405] clocksource: acpi_pm: mask: 0xffffff max_cycles: 0xffffff, max_idle_ns: 2085701024 ns
[    0.277193] NET: Registered protocol family 2
[    0.278234] TCP established hash table entries: 16384 (order: 5, 131072 bytes)
[    0.279433] TCP bind hash table entries: 16384 (order: 6, 262144 bytes)
[    0.280800] TCP: Hash tables configured (established 16384 bind 16384)
[    0.282485] UDP hash table entries: 1024 (order: 3, 32768 bytes)
[    0.283423] UDP-Lite hash table entries: 1024 (order: 3, 32768 bytes)
[    0.284523] NET: Registered protocol family 1
[    0.285222] pci 0000:00:00.0: Limiting direct PCI/PCI transfers
[    0.286200] pci 0000:00:01.0: Activating ISA DMA hang workarounds
[    0.287247] pci 0000:00:02.0: Video device with shadowed ROM at [mem 0x000c0000-0x000dffff]
[    0.288651] Unpacking initramfs...
[    0.491292] Freeing initrd memory: 19216K
[    0.493201] clocksource: tsc: mask: 0xffffffffffffffff max_cycles: 0x22983777dd9, max_idle_ns: 440795300422 ns
[    0.495128] platform rtc_cmos: registered platform RTC device (no PNP device found)
[    0.496824] Scanning for low memory corruption every 60 seconds
[    0.498274] Initialise system trusted keyrings
[    0.498989] Key type blacklist registered
[    0.499672] workingset: timestamp_bits=36 max_order=19 bucket_order=0
[    0.501456] zbud: loaded
[    0.502633] squashfs: version 4.0 (2009/01/31) Phillip Lougher
[    0.503830] fuse init (API version 7.26)
[    0.506582] Key type asymmetric registered
[    0.507280] Asymmetric key parser 'x509' registered
[    0.508109] Block layer SCSI generic (bsg) driver version 0.4 loaded (major 246)
[    0.509943] io scheduler noop registered
[    0.510610] io scheduler deadline registered
[    0.511302] io scheduler cfq registered (default)
[    0.512627] ACPI: AC Adapter [AC] (off-line)
[    0.514058] input: Power Button as /devices/LNXSYSTM:00/LNXPWRBN:00/input/input0
[    0.515235] ACPI: Power Button [PWRF]
[    0.515872] input: Sleep Button as /devices/LNXSYSTM:00/LNXSLPBN:00/input/input1
[    0.517076] ACPI: Sleep Button [SLPF]
[    0.518984] ACPI: Battery Slot [BAT0] (battery present)
[    0.519918] Serial: 8250/16550 driver, 32 ports, IRQ sharing enabled
[    0.542889] 00:02: ttyS0 at I/O 0x3f8 (irq = 4, base_baud = 115200) is a 16550A
[    0.546677] Linux agpgart interface v0.103
[    0.549716] loop: module loaded
[    0.550618] scsi host0: ata_piix
[    0.551284] scsi host1: ata_piix
[    0.551865] ata1: PATA max UDMA/33 cmd 0x1f0 ctl 0x3f6 bmdma 0xd000 irq 14
[    0.553269] ata2: PATA max UDMA/33 cmd 0x170 ctl 0x376 bmdma 0xd008 irq 15
[    0.555017] libphy: Fixed MDIO Bus: probed
[    0.555736] tun: Universal TUN/TAP device driver, 1.6
[    0.556718] PPP generic driver version 2.4.2
[    0.557484] ehci_hcd: USB 2.0 'Enhanced' Host Controller (EHCI) Driver
[    0.558571] ehci-pci: EHCI PCI platform driver
[    0.559312] ehci-platform: EHCI generic platform driver
[    0.560277] ohci_hcd: USB 1.1 'Open' Host Controller (OHCI) Driver
[    0.561431] ohci-pci: OHCI PCI platform driver
[    0.562468] ohci-platform: OHCI generic platform driver
[    0.563324] uhci_hcd: USB Universal Host Controller Interface driver
[    0.564638] i8042: PNP: PS/2 Controller [PNP0303:PS2K,PNP0f03:PS2M] at 0x60,0x64 irq 1,12
[    0.566334] serio: i8042 KBD port at 0x60,0x64 irq 1
[    0.567184] serio: i8042 AUX port at 0x60,0x64 irq 12
[    0.568270] mousedev: PS/2 mouse device common for all mice
[    0.570050] rtc_cmos rtc_cmos: rtc core: registered rtc_cmos as rtc0
[    0.571226] rtc_cmos rtc_cmos: alarms up to one day, 114 bytes nvram
[    0.572933] i2c /dev entries driver
[    0.573577] input: AT Translated Set 2 keyboard as /devices/platform/i8042/serio0/input/input2
[    0.575504] device-mapper: uevent: version 1.0.3
[    0.576682] device-mapper: ioctl: 4.37.0-ioctl (2017-09-20) initialised: dm-devel@redhat.com
[    0.578434] ledtrig-cpu: registered to indicate activity on CPUs
[    0.579980] NET: Registered protocol family 10
[    0.583388] Segment Routing with IPv6
[    0.584000] NET: Registered protocol family 17
[    0.584797] Key type dns_resolver registered
[    0.585723] mce: Using 0 MCE banks
[    0.586295] RAS: Correctable Errors collector initialized.
[    0.587462] sched_clock: Marking stable (585706715, 0)->(743322559, -157615844)
[    0.588908] registered taskstats version 1
[    0.589586] Loading compiled-in X.509 certificates
[    0.591878] Loaded X.509 cert 'Build time autogenerated kernel key: 12f2d460e247d21dc5d156478bb7d4abc0f5a070'
[    0.593506] zswap: loaded using pool lzo/zbud
[    0.596370] Key type big_key registered
[    0.597109] Key type trusted registered
[    0.598719] Key type encrypted registered
[    0.599385] AppArmor: AppArmor sha1 policy hashing enabled
[    0.600391] ima: No TPM chip found, activating TPM-bypass! (rc=-19)
[    0.601399] ima: Allocated hash algorithm: sha1
[    0.602143] evm: HMAC attrs: 0x1
[    0.602927]   Magic number: 9:775:381
[    0.603598] rtc_cmos rtc_cmos: setting system clock to 2021-02-08 13:21:19 UTC (1612790479)
[    0.605043] BIOS EDD facility v0.16 2004-Jun-25, 0 devices found
[    0.606000] EDD information not available.
[    0.737957] Freeing unused kernel image memory: 2436K
[    1.144710] Write protecting the kernel read-only data: 20480k
[    1.147745] Freeing unused kernel image memory: 2008K
[    1.149319] Freeing unused kernel image memory: 1872K
[    1.159593] x86/mm: Checked W+X mappings: passed, no W+X pages found.
[    1.161912] x86/mm: Checking user space page tables
[    1.169972] x86/mm: Checked W+X mappings: passed, no W+X pages found.
Loading, please wait...
starting version 237
[    1.219602] e1000: Intel(R) PRO/1000 Network Driver - version 7.3.21-k8-NAPI
[    1.222100] e1000: Copyright (c) 1999-2006 Intel Corporation.
[    1.223709] Fusion MPT base driver 3.04.20
[    1.224418] Copyright (c) 1999-2008 LSI Corporation
[    1.229007] Fusion MPT SPI Host driver 3.04.20
[    1.241405] AVX2 version of gcm_enc/dec engaged.
[    1.242624] AES CTR mode by8 optimization enabled
[    1.460905] input: ImExPS/2 Generic Explorer Mouse as /devices/platform/i8042/serio1/input/input4
[    1.627002] e1000 0000:00:03.0 eth0: (PCI:33MHz:32-bit) 02:6a:93:8d:eb:87
[    1.628717] e1000 0000:00:03.0 eth0: Intel(R) PRO/1000 Network Connection
[    2.009411] e1000 0000:00:08.0 eth1: (PCI:33MHz:32-bit) 08:00:27:12:f7:11
[    2.011507] e1000 0000:00:08.0 eth1: Intel(R) PRO/1000 Network Connection
[    2.014027] e1000 0000:00:08.0 enp0s8: renamed from eth1
[    2.020549] mptbase: ioc0: Initiating bringup
[    2.024796] e1000 0000:00:03.0 enp0s3: renamed from eth0
[    2.117303] ioc0: LSI53C1030 A0: Capabilities={Initiator}
[    2.362454] scsi host2: ioc0: LSI53C1030 A0, FwRev=00000000h, Ports=1, MaxQ=256, IRQ=20
[    2.532974] scsi 2:0:0:0: Direct-Access     VBOX     HARDDISK         1.0  PQ: 0 ANSI: 5
[    2.564444] scsi target2:0:0: Beginning Domain Validation
[    2.568080] scsi target2:0:0: Domain Validation skipping write tests
[    2.569793] scsi target2:0:0: Ending Domain Validation
[    2.571456] scsi target2:0:0: asynchronous
[    2.573189] scsi 2:0:1:0: Direct-Access     VBOX     HARDDISK         1.0  PQ: 0 ANSI: 5
[    2.604579] scsi target2:0:1: Beginning Domain Validation
[    2.607482] random: fast init done
[    2.608644] scsi target2:0:1: Domain Validation skipping write tests
[    2.610320] scsi target2:0:1: Ending Domain Validation
[    2.611757] scsi target2:0:1: asynchronous
[    2.617567] random: systemd-udevd: uninitialized urandom read (16 bytes read)
[    2.619330] random: systemd-udevd: uninitialized urandom read (16 bytes read)
[    2.621082] random: systemd-udevd: uninitialized urandom read (16 bytes read)
[    2.623228] sd 2:0:0:0: Attached scsi generic sg0 type 0
[    2.624676] sd 2:0:0:0: [sda] 20971520 512-byte logical blocks: (10.7 GB/10.0 GiB)
[    2.626716] sd 2:0:0:0: [sda] Write Protect is off
[    2.628444] sd 2:0:0:0: [sda] Incomplete mode parameter data
[    2.629871] sd 2:0:0:0: [sda] Assuming drive cache: write through
[    2.632356] sd 2:0:1:0: Attached scsi generic sg1 type 0
[    2.633860] sd 2:0:1:0: [sdb] 20480 512-byte logical blocks: (10.5 MB/10.0 MiB)
[    2.636637] sd 2:0:1:0: [sdb] Write Protect is off
[    2.638276] sd 2:0:1:0: [sdb] Incomplete mode parameter data
[    2.639804] sd 2:0:1:0: [sdb] Assuming drive cache: write through
[    2.641563]  sda: sda1
[    2.643200] sd 2:0:0:0: [sda] Attached SCSI disk
[    2.646366] sd 2:0:1:0: [sdb] Attached SCSI disk
Begin: Loading essential drivers ... [    3.988236] raid6: sse2x1   gen() 14795 MB/s
[    4.036453] raid6: sse2x1   xor()  8508 MB/s
[    4.084118] raid6: sse2x2   gen() 17928 MB/s
[    4.132407] raid6: sse2x2   xor() 10485 MB/s
[    4.180066] raid6: sse2x4   gen() 18457 MB/s
[    4.228092] raid6: sse2x4   xor() 10998 MB/s
[    4.276064] raid6: avx2x1   gen() 24487 MB/s
[    4.324543] raid6: avx2x1   xor() 14846 MB/s
[    4.372036] raid6: avx2x2   gen() 30891 MB/s
[    4.420605] raid6: avx2x2   xor() 14998 MB/s
[    4.480324] raid6: avx2x4   gen() 27121 MB/s
[    4.528372] raid6: avx2x4   xor() 15954 MB/s
[    4.529469] raid6: using algorithm avx2x2 gen() 30891 MB/s
[    4.531024] raid6: .... xor() 14998 MB/s, rmw enabled
[    4.532339] raid6: using avx2x2 recovery algorithm
[    4.534715] xor: automatically using best checksumming function   avx       
[    4.537851] async_tx: api initialized (async)
done.
Begin: Running /scripts/init-premount ... done.
Begin: Mounting root file system ... Begin: Running /scripts/local-top ... done.
Begin: Running /scripts/local-premount ... [    4.591041] Btrfs loaded, crc32c=crc32c-intel
Scanning for Btrfs filesystems
done.
Warning: fsck not present, so skipping root file system
[    4.618446] EXT4-fs (sda1): mounted filesystem with ordered data mode. Opts: (null)
done.
Begin: Running /scripts/local-bottom ... done.
Begin: Running /scripts/init-bottom ... done.
[    4.759616] ip_tables: (C) 2000-2006 Netfilter Core Team
[    4.768654] systemd[1]: systemd 237 running in system mode. (+PAM +AUDIT +SELINUX +IMA +APPARMOR +SMACK +SYSVINIT +UTMP +LIBCRYPTSETUP +GCRYPT +GNUTLS +ACL +XZ +LZ4 +SECCOMP +BLKID +ELFUTILS +KMOD -IDN2 +IDN -PCRE2 default-hierarchy=hybrid)
[    4.776220] systemd[1]: Detected virtualization oracle.
[    4.777627] systemd[1]: Detected architecture x86-64.

Welcome to [1mUbuntu 18.04.5 LTS[0m!

[    4.788141] systemd[1]: Set hostname to <ubuntu>.
[    4.791330] systemd[1]: Initializing machine ID from random generator.
[    4.793372] systemd[1]: Installed transient /etc/machine-id file.
[    4.998502] systemd[1]: Started Forward Password Requests to Wall Directory Watch.
[[0;32m  OK  [0m] Started Forward Password Requests to Wall Directory Watch.
[    5.002990] systemd[1]: Created slice User and Session Slice.
[[0;32m  OK  [0m] Created slice User and Session Slice.
[    5.005619] systemd[1]: Reached target Swap.
[[0;32m  OK  [0m] Reached target Swap.
[    5.007828] systemd[1]: Reached target System Time Synchronized.
[[0;32m  OK  [0m] Reached target System Time Synchronized.
[[0;32m  OK  [0m] Reached target User and Group Name Lookups.
[[0;32m  OK  [0m] Set up automount Arbitrary Executab…rmats File System Automount Point.
[[0;32m  OK  [0m] Created slice System Slice.
[[0;32m  OK  [0m] Listening on LVM2 metadata daemon socket.
[[0;32m  OK  [0m] Created slice system-serial\x2dgetty.slice.
[[0;32m  OK  [0m] Listening on udev Control Socket.
[[0;32m  OK  [0m] Reached target Slices.
[[0;32m  OK  [0m] Listening on Syslog Socket.
[[0;32m  OK  [0m] Listening on /dev/initctl Compatibility Named Pipe.
[[0;32m  OK  [0m] Listening on Journal Audit Socket.
[[0;32m  OK  [0m] Listening on Journal Socket.
         Starting Uncomplicated firewall...
         Starting Set the console keyboard layout...
         Mounting Huge Pages File System...
         Starting Remount Root and Kernel File Systems...
         Starting Load Kernel Modules...
[[0;32m  OK  [0m] Listening on udev Kernel Socket.
[[0;32m  OK  [0m] Listening on Device-mapper event daemon FIFOs.
         Starting Monitoring of LVM2 mirrors…ng dmeventd or progress polling...
[[0;32m  OK  [0m] Listening on LVM2 poll daemon socket.
         Starting Create list of required st…ce nodes for the current kernel...
[[0;32m  OK  [0m] Listening on Journal Socket (/dev/log).
         Starting Journal Service...
         Mounting Kernel Debug File System...
[[0;32m  OK  [0m] Listening on Network Service Netlink Socket.
         Starting udev Coldplug all Devices...
[    5.068194] EXT4-fs (sda1): re-mounted. Opts: (null)
         Mounting POSIX Message Queue File System...
[    5.075151] Loading iSCSI transport class v2.0-870.
[    5.079946] iscsi: registered transport (tcp)
[[0;32m  OK  [0m] Started Uncomplicated firewall.
[[0;32m  OK  [0m] Mounted Huge Pages File System.
[[0;32m  OK  [0m] Started Remount Root and Kernel File Systems.
[[0;32m  OK  [0m] Mounted Kernel Debug File System.
[[0;32m  OK  [0m] Mounted POSIX Message Queue File System.
         Starting Load/Save Random Seed...
[[0;32m  OK  [0m] Started Create list of required sta…vice nodes for the current kernel.
[[0;32m  OK  [0m] Started Journal Service.
[    5.142085] iscsi: registered transport (iser)
[[0;32m  OK  [0m] Started LVM2 metadata daemon.
         Starting Flush Journal to Persistent Storage...
         Starting Create Static Device Nodes in /dev...
[[0;32m  OK  [0m] Started Load Kernel Modules.
[[0;32m  OK  [0m] Started Load/Save Random Seed.
         Mounting FUSE Control File System...
         Mounting Kernel Configuration File System...
         Starting Apply Kernel Variables...
[[0;32m  OK  [0m] Mounted FUSE Control File System.
[[0;32m  OK  [0m] Mounted Kernel Configuration File System.
[    5.190719] systemd-journald[415]: Received request to flush runtime journal from PID 1
[[0;32m  OK  [0m] Started Create Static Device Nodes in /dev.
         Starting udev Kernel Device Manager...
[[0;32m  OK  [0m] Started Apply Kernel Variables.
[[0;32m  OK  [0m] Started udev Coldplug all Devices.
[[0;32m  OK  [0m] Started Set the console keyboard layout.
[[0;32m  OK  [0m] Started udev Kernel Device Manager.
[[0;32m  OK  [0m] Started Dispatch Password Requests to Console Directory Watch.
[[0;32m  OK  [0m] Reached target Local Encrypted Volumes.
[[0;32m  OK  [0m] Started Flush Journal to Persistent Storage.
[[0;32m  OK  [0m] Started Monitoring of LVM2 mirrors,…sing dmeventd or progress polling.
[[0;32m  OK  [0m] Reached target Local File Systems (Pre).
[[0;32m  OK  [0m] Reached target Local File Systems.
         Starting AppArmor initialization...
         Starting Set console font and keymap...
         Starting ebtables ruleset management...
         Starting Commit a transient machine-id on disk...
         Starting Tell Plymouth To Write Out Runtime Data...
         Starting Create Volatile Files and Directories...
[[0;32m  OK  [0m] Started Tell Plymouth To Write Out Runtime Data.
[[0;32m  OK  [0m] Started Set console font and keymap.
[[0;32m  OK  [0m] Started Create Volatile Files and Directories.
         Starting Update UTMP about System Boot/Shutdown...
[[0;32m  OK  [0m] Started Commit a transient machine-id on disk.
[[0;32m  OK  [0m] Started Update UTMP about System Boot/Shutdown.
[[0;32m  OK  [0m] Started ebtables ruleset management.
[[0;32m  OK  [0m] Found device /dev/ttyS0.
[[0;32m  OK  [0m] Listening on Load/Save RF Kill Switch Status /dev/rfkill Watch.
[[0;32m  OK  [0m] Started AppArmor initialization.
         Starting Initial cloud-init job (pre-networking)...
         Starting Load AppArmor profiles managed internally by snapd...
[[0;32m  OK  [0m] Started Load AppArmor profiles managed internally by snapd.
[    6.631685] cloud-init[569]: Cloud-init v. 20.3-2-g371b392c-0ubuntu1~18.04.1 running 'init-local' at Mon, 08 Feb 2021 13:21:25 +0000. Up 6.37 seconds.
[[0;32m  OK  [0m] Started Initial cloud-init job (pre-networking).
[[0;32m  OK  [0m] Reached target Network (Pre).
         Starting Network Service...
[[0;32m  OK  [0m] Started Network Service.
         Starting Network Name Resolution...
         Starting Wait for Network to be Configured...
[[0;32m  OK  [0m] Started Network Name Resolution.
[[0;32m  OK  [0m] Reached target Network.
[[0;32m  OK  [0m] Reached target Host and Network Name Lookups.
[[0;32m  OK  [0m] Started Wait for Network to be Configured.
         Starting Initial cloud-init job (metadata service crawler)...
[    8.239599] cloud-init[706]: Cloud-init v. 20.3-2-g371b392c-0ubuntu1~18.04.1 running 'init' at Mon, 08 Feb 2021 13:21:27 +0000. Up 8.14 seconds.
[    8.252147] cloud-init[706]: ci-info: ++++++++++++++++++++++++++++++++++++++Net device info+++++++++++++++++++++++++++++++++++++++
[    8.253798] cloud-init[706]: ci-info: +--------+-------+----------------------------+---------------+--------+-------------------+
[    8.255844] cloud-init[706]: ci-info: | Device |   Up  |          Address           |      Mask     | Scope  |     Hw-Address    |
[    8.257864] cloud-init[706]: ci-info: +--------+-------+----------------------------+---------------+--------+-------------------+
[    8.259545] cloud-init[706]: ci-info: | enp0s3 |  True |         10.0.2.15          | 255.255.255.0 | global | 02:6a:93:8d:eb:87 |
[    8.261270] cloud-init[706]: ci-info: | enp0s3 |  True | fe80::6a:93ff:fe8d:eb87/64 |       .       |  link  | 02:6a:93:8d:eb:87 |
[    8.262896] cloud-init[706]: ci-info: | enp0s8 | False |             .              |       .       |   .    | 08:00:27:12:f7:11 |
[    8.264577] cloud-init[706]: ci-info: |   lo   |  True |         127.0.0.1          |   255.0.0.0   |  host  |         .         |
[    8.266206] cloud-init[706]: ci-info: |   lo   |  True |          ::1/128           |       .       |  host  |         .         |
[    8.268156] cloud-init[706]: ci-info: +--------+-------+----------------------------+---------------+--------+-------------------+
[    8.269975] cloud-init[706]: ci-info: ++++++++++++++++++++++++++++Route IPv4 info+++++++++++++++++++++++++++++
[    8.272218] cloud-init[706]: ci-info: +-------+-------------+----------+-----------------+-----------+-------+
[    8.273764] cloud-init[706]: ci-info: | Route | Destination | Gateway  |     Genmask     | Interface | Flags |
[    8.288205] cloud-init[706]: ci-info: +-------+-------------+----------+-----------------+-----------+-------+
[    8.289589] cloud-init[706]: ci-info: |   0   |   0.0.0.0   | 10.0.2.2 |     0.0.0.0     |   enp0s3  |   UG  |
[    8.291092] cloud-init[706]: ci-info: |   1   |   10.0.2.0  | 0.0.0.0  |  255.255.255.0  |   enp0s3  |   U   |
[    8.292516] cloud-init[706]: ci-info: |   2   |   10.0.2.2  | 0.0.0.0  | 255.255.255.255 |   enp0s3  |   UH  |
[    8.293945] cloud-init[706]: ci-info: +-------+-------------+----------+-----------------+-----------+-------+
[    8.295345] cloud-init[706]: ci-info: +++++++++++++++++++Route IPv6 info+++++++++++++++++++
[    8.297064] cloud-init[706]: ci-info: +-------+-------------+---------+-----------+-------+
[    8.298311] cloud-init[706]: ci-info: | Route | Destination | Gateway | Interface | Flags |
[    8.299563] cloud-init[706]: ci-info: +-------+-------------+---------+-----------+-------+
[    8.301410] cloud-init[706]: ci-info: |   1   |  fe80::/64  |    ::   |   enp0s3  |   U   |
[    8.302661] cloud-init[706]: ci-info: |   3   |    local    |    ::   |   enp0s3  |   U   |
[    8.304303] cloud-init[706]: ci-info: |   4   |   ff00::/8  |    ::   |   enp0s3  |   U   |
[    8.305335] cloud-init[706]: ci-info: +-------+-------------+---------+-----------+-------+
[    8.877462] cloud-init[706]: Generating public/private rsa key pair.
[    8.878297] cloud-init[706]: Your identification has been saved in /etc/ssh/ssh_host_rsa_key.
[    8.880396] cloud-init[706]: Your public key has been saved in /etc/ssh/ssh_host_rsa_key.pub.
[    8.881716] cloud-init[706]: The key fingerprint is:
[    8.892681] cloud-init[706]: SHA256:tnvWv1LQfQ9M+p36O64O4zqrl/jlbwc5M6BAyStIRM0 root@ubuntu-bionic
[    8.893828] cloud-init[706]: The key's randomart image is:
[    8.908579] cloud-init[706]: +---[RSA 2048]----+
[[0;32m  OK  [0m] Started Initial cloud-init job (metadata service crawler).
[    8.924489] cloud-init[706]: |  ooo . .        |
[[0;32m  OK  [0m] Reached target Cloud-config availability.
[[0;32m  OK  [0m] Reached target System Initialization.
[    8.926369] cloud-init[706]: |   . E +      .  |
         Starting LXD - unix socket.
[    8.936968] cloud-init[[0;32m  OK  [0m] Started ACPI Events Check.
[[0;32m  OK  [0m] Reached target Paths.
         Starting Socket activation for snappy daemon.
[[0;32m  OK  [0m] Started Daily Cleanup of Temporary Directories.
[706]: [[0;32m  OK  [0m] Listening on UUID daemon activation socket.
[[0;32m  OK  [0m] Listening on Open-iSCSI iscsid Socket.
[[0;32m  OK  [0m] Started Message of the Day.
[[0;32m  OK  [0m] Listening on ACPID Listen Socket.
[[0;32m  OK  [0m] Started Daily apt download activities.
[[0;32m  OK  [0m] Started Daily apt upgrade and clean activities.
[[0;32m  OK  [0m] Listening on D-Bus System Message Bus Socket.
[[0;32m  OK  [0m] Started Discard unused blocks once a week.
[[0;32m  OK  [0m] Reached target Timers.
[[0;32m  OK  [0m] Reached target Network is Online.
|  . . . .    = . |
[    8.951499] cloud-init[706]: |   . . o   .o + o|
[[0;32m  OK  [0m] Reached target Remote File Systems (Pre).
[[0;32m  OK  [0m] Reached target Remote File Systems.
         Starting Availability of block devices...
[[0;32m  OK  [0m] Listening on LXD - unix socket.
[[0;32m  OK  [0m] Listening on Socket activation for snappy daemon.
[[0;32m  OK  [0m] Started Availability of block devices.
[[0;32m  OK  [0m] Reached target Sockets.
[[0;32m  OK  [0m] Reached target Basic System.
         Starting Login Service...
[    8.955636] cloud-init[706]: |      . S . .o.o+|
[    8.975198] cloud-init[706]: |       . o   *o.o|
[    8.976058] cloud-init[706]: |        o .= .*  |
         Starting Dispatcher daemon for systemd-networkd...
         Starting Virtualbox guest utils...
[[0;32m  OK  [0m] Started D-Bus System Message Bus.
[    8.979569] cloud-init[706]: |       . =* =o o |
[    8.987270] cloud-init[706]: |       .=*+o+*B=o|
[    8.988162] cloud-init[706]: +----[SHA256]-----+
[    8.989693] cloud-init[706]: Generating public/private dsa key pair.
[    8.990489] cloud-init[706]: Your identification has been saved in /etc/ssh/ssh_host_dsa_key.
[    8.991933] cloud-init[706]: Your public key has been saved in /etc/ssh/ssh_host_dsa_key.pub.
[    8.993402] cloud-init[706]: The key fingerprint is:
[    8.994462] cloud-init[706]: SHA256:SRQb9xe3SaV24KVNXxNhE6f25oiZ8d7FfwMFWLr6Abg root@ubuntu-bionic
[    8.997263] cloud-init[706]: The key's randomart image is:
[    8.998843] cloud-init[706]: +---[DSA 1024]----+
[    8.999970] cloud-init[706]: |        +.. o.oO%|
[    9.000929] cloud-init[706]: |       . + o.oo@O|
[    9.001851] cloud-init[706]: |        o  .. Xo+|
[    9.002736] cloud-init[706]: |       ...  .+ + |
[    9.003773] cloud-init[706]: |       .S. .. . o|
[    9.005060] cloud-init[706]: |        . o  B = |
         Starting LSB: Record successful boot for GRUB...
         Starting Permit User Sessions...
[    9.013818] cloud-init[706]: |       E . .+ + +|
[    9.020487] cloud-init[706]: |          . .. o+|
[    9.021309] cloud-init[706]: |           .  . =|
[    9.022092] cloud-init[706]: +----[SHA256]-----+
[    9.022896] cloud-init[706]: Generating public/private ecdsa key pair.
[    9.024020] cloud-init[706]: Your identification has been saved in /etc/ssh/ssh_host_ecdsa_key.
[    9.025523] cloud-init[706]: Your public key has been saved in /etc/ssh/ssh_host_ecdsa_key.pub.
[[0;32m  OK  [0m] Started Regular background program processing daemon.
[    9.042370] cloud-init[706]: The key fingerprint is:
[    9.044456] cloud-init[706]: SHA256:i6YHiM8F0EJbLZB/OCly+tKvaAdsBzGnCNS6olPtNkQ root@ubuntu-bionic
[[0;32m  OK  [0m] Started Deferred execution scheduler.
         Starting Accounts Service...
         Starting System Logging Service...
         Starting LSB: automatic crash report generation...
[    9.063389] cloud-init[706]: The key's randomart image is:
[    9.080311] cloud-init[706]: +---[ECDSA 256]---+
[    9.081143] cloud-init[706]: |o=+..            |
[    9.081982] cloud-init[706]: |++++ .           |
[[0;32m  OK  [0m] Started irqbalance daemon.
[    9.098562] cloud-init[706]: |o+B +            |
[    9.100223] cloud-init[706]: |o=o=E.           |
[    9.101150] cloud-init[706]: |o++=o   S        |
[    9.102304] cloud-init[706]: |+=o.=  . .       |
[    9.103100] cloud-init[706]: |+*o+ .o .        |
[    9.103713] cloud-init[706]: |+o=.+o.          |
[    9.104552] cloud-init[706]: |ooo+oo           |
[    9.105353] cloud-init[706]: +----[SHA256]-----+
[    9.106171] cloud-init[706]: Generating public/private ed25519 key pair.
[    9.107359] cloud-init[706]: Your identification has been saved in /etc/ssh/ssh_host_ed25519_key.
         Starting Pollinate to seed the pseudo random number generator...
[    9.112484] cloud-init[706]: Your public key has been saved in /etc/ssh/ssh_host_ed25519_key.pub.[[0;32m  OK  [0m] Started FUSE filesystem for LXC.

[    9.115742] cloud-init[706]: The key fingerprint is:
[    9.117231] cloud-init[706]: SHA256:+9q8Xju2z99jlt5RxgXdewUhw7aPLzOXTKN4fEhj+X8 root@ubuntu-bionic
[    9.118569] cloud-init[706]: The key's randomart image is:
[    9.119633] cloud-init[706]: +--[ED25519 256]--+
[    9.120591] cloud-init[706]: |           .o ++.|
[    9.123012] cloud-init[706]: |            oo .+|         Starting Snap Daemon...
         Starting LXD - container startup/shutdown...
[[0;32m  OK  [0m] Started System Logging Service.
[[0;32m  OK  [0m] Started Permit User Sessions.

[    9.133006] cloud-init[[0;32m  OK  [0m] Started Login Service.
[706]: |           . .  +|
[    9.137823] cloud-init[706]: |            .  oo|
[    9.144606] cloud-init[706]: |        S    +  =|
[    9.145600] cloud-init[706]: |         .  * +..|
[    9.146553] cloud-init[706]: |        .  =.O +.|
[    9.150847] cloud-init[706]: |         +..@oB=E|
[    9.154248] cloud-init[706]: |        .o*+oX*+B|
[    9.155262] cloud-init[706]: +----[SHA256]-----+
[[0;32m  OK  [0m] Started LXD - container startup/shutdown.
         Starting Authorization Manager...
[[0;32m  OK  [0m] Started Unattended Upgrades Shutdown.
         Starting Hold until boot process finishes up...
         Starting Terminate Plymouth Boot Screen...
[[0;32m  OK  [0m] Started Hold until boot process finishes up.
[[0;32m  OK  [0m] Started Serial Getty on ttyS0.
         Starting Set console scheme...
[[0;32m  OK  [0m] Started Terminate Plymouth Boot Screen.
[[0;32m  OK  [0m] Started Set console scheme.
[[0;32m  OK  [0m] Created slice system-getty.slice.
[[0;32m  OK  [0m] Started Getty on tty1.
[[0;32m  OK  [0m] Reached target Login Prompts.
[[0;32m  OK  [0m] Started Dispatcher daemon for systemd-networkd.
[[0;32m  OK  [0m] Started LSB: Record successful boot for GRUB.
[[0;32m  OK  [0m] Started LSB: automatic crash report generation.
[[0;32m  OK  [0m] Started Virtualbox guest utils.
[[0;32m  OK  [0m] Started Authorization Manager.
[[0;32m  OK  [0m] Started Accounts Service.
[[0;32m  OK  [0m] Started Snap Daemon.
         Starting Wait until snapd is fully seeded...
[[0;32m  OK  [0m] Started Pollinate to seed the pseudo random number generator.
         Starting OpenBSD Secure Shell server...
[[0;32m  OK  [0m] Started OpenBSD Secure Shell server.
[[0;32m  OK  [0m] Created slice User Slice of vagrant.
         Starting User Manager for UID 1000...
[[0;32m  OK  [0m] Started Session 1 of user vagrant.
[[0;32m  OK  [0m] Started User Manager for UID 1000.
[[0;32m  OK  [0m] Started Session 3 of user vagrant.

Ubuntu 18.04.5 LTS kubenode02 ttyS0

kubenode02 login: [   15.857804] cloud-init[1750]: Cloud-init v. 20.3-2-g371b392c-0ubuntu1~18.04.1 running 'modules:config' at Mon, 08 Feb 2021 13:21:34 +0000. Up 15.57 seconds.
ci-info: no authorized SSH keys fingerprints found for user ubuntu.
<14>Feb  8 13:21:35 ec2: 
<14>Feb  8 13:21:35 ec2: #############################################################
<14>Feb  8 13:21:35 ec2: -----BEGIN SSH HOST KEY FINGERPRINTS-----
<14>Feb  8 13:21:35 ec2: 1024 SHA256:SRQb9xe3SaV24KVNXxNhE6f25oiZ8d7FfwMFWLr6Abg root@ubuntu-bionic (DSA)
<14>Feb  8 13:21:35 ec2: 256 SHA256:i6YHiM8F0EJbLZB/OCly+tKvaAdsBzGnCNS6olPtNkQ root@ubuntu-bionic (ECDSA)
<14>Feb  8 13:21:35 ec2: 256 SHA256:+9q8Xju2z99jlt5RxgXdewUhw7aPLzOXTKN4fEhj+X8 root@ubuntu-bionic (ED25519)
<14>Feb  8 13:21:35 ec2: 2048 SHA256:tnvWv1LQfQ9M+p36O64O4zqrl/jlbwc5M6BAyStIRM0 root@ubuntu-bionic (RSA)
<14>Feb  8 13:21:35 ec2: -----END SSH HOST KEY FINGERPRINTS-----
<14>Feb  8 13:21:35 ec2: #############################################################
-----BEGIN SSH HOST KEY KEYS-----
ecdsa-sha2-nistp256 AAAAE2VjZHNhLXNoYTItbmlzdHAyNTYAAAAIbmlzdHAyNTYAAABBBBG7I/966NcS4XzeR1KBLf9pU4VCa13+pdJDjA1yk8lv6pSt6YL69nWl3RKuNsCsNIqk+G5vAYA6qm0gZbLr7PM= root@ubuntu-bionic
ssh-ed25519 AAAAC3NzaC1lZDI1NTE5AAAAII9rRv4PlFnIiBXFsaFIJV2It0F28v9HG/ZS9R3fMp09 root@ubuntu-bionic
ssh-rsa AAAAB3NzaC1yc2EAAAADAQABAAABAQCz1VtUs4q4cIdqQZU284ZzTHDp7aR962zIMpFFnzR3ttjNrxG7XKJx/FAODFGY5tgtWAJ1+pnTYoAhWX3z+vfgXXZHHSwZU5WJn648LNK8s3YUhicnJDhKrxYUfUS/EAAGS0bG4YRCHtIGAsOaespipNWxYPyuNZpR7dH0t5qlOwRiFpr99Qs0UKtlREIzFQlZ6lX0iLUS6H7TBKWPSLEvLgz4E6fnDRYUfct8uXlUCdUXlUiEQWqc6wzjuAL/H/NOpOjiqZDj06gg/T8xyFIYCx5nYWTSIwKMqkVqBGuoPQUuH4bC+ZU9+deyHovKTKRhXQjWQPu+k5YyTj5WZPcT root@ubuntu-bionic
-----END SSH HOST KEY KEYS-----
[   16.280781] cloud-init[1951]: Cloud-init v. 20.3-2-g371b392c-0ubuntu1~18.04.1 running 'modules:final' at Mon, 08 Feb 2021 13:21:35 +0000. Up 16.17 seconds.
[   16.280856] cloud-init[1951]: ci-info: no authorized SSH keys fingerprints found for user ubuntu.
[   16.281593] cloud-init[1951]: Cloud-init v. 20.3-2-g371b392c-0ubuntu1~18.04.1 finished at Mon, 08 Feb 2021 13:21:35 +0000. Datasource DataSourceNoCloud [seed=/dev/sdb][dsmode=net].  Up 16.27 seconds
